{"C:\\Users\\Cairo\\Desktop\\Estudo\\semanajsexpert-spotify-template\\server\\config.js": {"path":"C:\\Users\\Cairo\\Desktop\\Estudo\\semanajsexpert-spotify-template\\server\\config.js","statementMap":{"0":{"start":{"line":3,"column":19},"end":{"line":3,"column":58}},"1":{"start":{"line":4,"column":13},"end":{"line":4,"column":35}},"2":{"start":{"line":5,"column":23},"end":{"line":5,"column":41}},"3":{"start":{"line":6,"column":23},"end":{"line":6,"column":51}},"4":{"start":{"line":7,"column":24},"end":{"line":7,"column":44}}},"fnMap":{},"branchMap":{"0":{"loc":{"start":{"line":11,"column":10},"end":{"line":11,"column":34}},"type":"binary-expr","locations":[{"start":{"line":11,"column":10},"end":{"line":11,"column":26}},{"start":{"line":11,"column":30},"end":{"line":11,"column":34}}],"line":11}},"s":{"0":1,"1":1,"2":1,"3":1,"4":1},"f":{},"b":{"0":[1,1]},"_coverageSchema":"1a1c01bbd47fc00a2c39e90264f33305004495a9","hash":"ab9667271e4b0dd4b8dd07f3b3d1a9ec15947283"}
,"C:\\Users\\Cairo\\Desktop\\Estudo\\semanajsexpert-spotify-template\\server\\controller.js": {"path":"C:\\Users\\Cairo\\Desktop\\Estudo\\semanajsexpert-spotify-template\\server\\controller.js","statementMap":{"0":{"start":{"line":5,"column":8},"end":{"line":5,"column":36}},"1":{"start":{"line":9,"column":8},"end":{"line":9,"column":51}}},"fnMap":{"0":{"name":"(anonymous_0)","decl":{"start":{"line":4,"column":4},"end":{"line":4,"column":5}},"loc":{"start":{"line":4,"column":18},"end":{"line":6,"column":5}},"line":4},"1":{"name":"(anonymous_1)","decl":{"start":{"line":8,"column":4},"end":{"line":8,"column":5}},"loc":{"start":{"line":8,"column":33},"end":{"line":10,"column":5}},"line":8}},"branchMap":{},"s":{"0":1,"1":0},"f":{"0":1,"1":0},"b":{},"_coverageSchema":"1a1c01bbd47fc00a2c39e90264f33305004495a9","hash":"a848432d73a62729d5d4260e2ff503954e959ec2"}
,"C:\\Users\\Cairo\\Desktop\\Estudo\\semanajsexpert-spotify-template\\server\\routes.js": {"path":"C:\\Users\\Cairo\\Desktop\\Estudo\\semanajsexpert-spotify-template\\server\\routes.js","statementMap":{"0":{"start":{"line":13,"column":4},"end":{"line":13,"column":10}},"1":{"start":{"line":15,"column":19},"end":{"line":15,"column":35}},"2":{"start":{"line":18,"column":26},"end":{"line":18,"column":33}},"3":{"start":{"line":20,"column":4},"end":{"line":26,"column":5}},"4":{"start":{"line":21,"column":8},"end":{"line":23,"column":10}},"5":{"start":{"line":25,"column":8},"end":{"line":25,"column":29}},"6":{"start":{"line":28,"column":4},"end":{"line":33,"column":5}},"7":{"start":{"line":31,"column":12},"end":{"line":31,"column":52}},"8":{"start":{"line":32,"column":8},"end":{"line":32,"column":36}},"9":{"start":{"line":35,"column":4},"end":{"line":40,"column":5}},"10":{"start":{"line":38,"column":12},"end":{"line":38,"column":58}},"11":{"start":{"line":39,"column":8},"end":{"line":39,"column":36}},"12":{"start":{"line":42,"column":4},"end":{"line":55,"column":5}},"13":{"start":{"line":46,"column":12},"end":{"line":46,"column":47}},"14":{"start":{"line":47,"column":28},"end":{"line":47,"column":46}},"15":{"start":{"line":48,"column":8},"end":{"line":52,"column":9}},"16":{"start":{"line":49,"column":12},"end":{"line":51,"column":14}},"17":{"start":{"line":54,"column":8},"end":{"line":54,"column":37}},"18":{"start":{"line":57,"column":4},"end":{"line":57,"column":27}},"19":{"start":{"line":58,"column":4},"end":{"line":58,"column":25}},"20":{"start":{"line":67,"column":4},"end":{"line":71,"column":5}},"21":{"start":{"line":68,"column":8},"end":{"line":68,"column":53}},"22":{"start":{"line":69,"column":8},"end":{"line":69,"column":31}},"23":{"start":{"line":70,"column":8},"end":{"line":70,"column":29}},"24":{"start":{"line":72,"column":4},"end":{"line":72,"column":54}},"25":{"start":{"line":73,"column":4},"end":{"line":73,"column":27}},"26":{"start":{"line":74,"column":4},"end":{"line":74,"column":25}},"27":{"start":{"line":82,"column":4},"end":{"line":83,"column":68}},"28":{"start":{"line":83,"column":20},"end":{"line":83,"column":67}}},"fnMap":{"0":{"name":"routes","decl":{"start":{"line":17,"column":15},"end":{"line":17,"column":21}},"loc":{"start":{"line":17,"column":40},"end":{"line":64,"column":1}},"line":17},"1":{"name":"handleError","decl":{"start":{"line":66,"column":9},"end":{"line":66,"column":20}},"loc":{"start":{"line":66,"column":27},"end":{"line":75,"column":1}},"line":66},"2":{"name":"handler","decl":{"start":{"line":79,"column":16},"end":{"line":79,"column":23}},"loc":{"start":{"line":79,"column":41},"end":{"line":84,"column":1}},"line":79},"3":{"name":"(anonymous_3)","decl":{"start":{"line":83,"column":11},"end":{"line":83,"column":12}},"loc":{"start":{"line":83,"column":20},"end":{"line":83,"column":67}},"line":83}},"branchMap":{"0":{"loc":{"start":{"line":20,"column":4},"end":{"line":26,"column":5}},"type":"if","locations":[{"start":{"line":20,"column":4},"end":{"line":26,"column":5}},{"start":{},"end":{}}],"line":20},"1":{"loc":{"start":{"line":20,"column":7},"end":{"line":20,"column":35}},"type":"binary-expr","locations":[{"start":{"line":20,"column":7},"end":{"line":20,"column":21}},{"start":{"line":20,"column":25},"end":{"line":20,"column":35}}],"line":20},"2":{"loc":{"start":{"line":28,"column":4},"end":{"line":33,"column":5}},"type":"if","locations":[{"start":{"line":28,"column":4},"end":{"line":33,"column":5}},{"start":{},"end":{}}],"line":28},"3":{"loc":{"start":{"line":28,"column":7},"end":{"line":28,"column":39}},"type":"binary-expr","locations":[{"start":{"line":28,"column":7},"end":{"line":28,"column":21}},{"start":{"line":28,"column":25},"end":{"line":28,"column":39}}],"line":28},"4":{"loc":{"start":{"line":35,"column":4},"end":{"line":40,"column":5}},"type":"if","locations":[{"start":{"line":35,"column":4},"end":{"line":40,"column":5}},{"start":{},"end":{}}],"line":35},"5":{"loc":{"start":{"line":35,"column":7},"end":{"line":35,"column":45}},"type":"binary-expr","locations":[{"start":{"line":35,"column":7},"end":{"line":35,"column":21}},{"start":{"line":35,"column":25},"end":{"line":35,"column":45}}],"line":35},"6":{"loc":{"start":{"line":42,"column":4},"end":{"line":55,"column":5}},"type":"if","locations":[{"start":{"line":42,"column":4},"end":{"line":55,"column":5}},{"start":{},"end":{}}],"line":42},"7":{"loc":{"start":{"line":48,"column":8},"end":{"line":52,"column":9}},"type":"if","locations":[{"start":{"line":48,"column":8},"end":{"line":52,"column":9}},{"start":{},"end":{}}],"line":48},"8":{"loc":{"start":{"line":67,"column":4},"end":{"line":71,"column":5}},"type":"if","locations":[{"start":{"line":67,"column":4},"end":{"line":71,"column":5}},{"start":{},"end":{}}],"line":67}},"s":{"0":1,"1":1,"2":3,"3":3,"4":1,"5":1,"6":2,"7":1,"8":1,"9":1,"10":1,"11":1,"12":0,"13":0,"14":0,"15":0,"16":0,"17":0,"18":0,"19":0,"20":0,"21":0,"22":0,"23":0,"24":0,"25":0,"26":0,"27":3,"28":0},"f":{"0":3,"1":0,"2":3,"3":0},"b":{"0":[1,2],"1":[3,3],"2":[1,1],"3":[2,2],"4":[1,0],"5":[1,1],"6":[0,0],"7":[0,0],"8":[0,0]},"_coverageSchema":"1a1c01bbd47fc00a2c39e90264f33305004495a9","hash":"0561e5f16850f5b7334eda8dee6fabbcac125c9f"}
,"C:\\Users\\Cairo\\Desktop\\Estudo\\semanajsexpert-spotify-template\\server\\service.js": {"path":"C:\\Users\\Cairo\\Desktop\\Estudo\\semanajsexpert-spotify-template\\server\\service.js","statementMap":{"0":{"start":{"line":10,"column":4},"end":{"line":10,"column":10}},"1":{"start":{"line":14,"column":8},"end":{"line":14,"column":44}},"2":{"start":{"line":19,"column":29},"end":{"line":19,"column":56}},"3":{"start":{"line":21,"column":8},"end":{"line":21,"column":45}},"4":{"start":{"line":22,"column":25},"end":{"line":22,"column":46}},"5":{"start":{"line":23,"column":8},"end":{"line":26,"column":9}},"6":{"start":{"line":33,"column":12},"end":{"line":33,"column":44}},"7":{"start":{"line":34,"column":8},"end":{"line":37,"column":9}}},"fnMap":{"0":{"name":"(anonymous_0)","decl":{"start":{"line":13,"column":4},"end":{"line":13,"column":5}},"loc":{"start":{"line":13,"column":30},"end":{"line":15,"column":5}},"line":13},"1":{"name":"(anonymous_1)","decl":{"start":{"line":17,"column":4},"end":{"line":17,"column":5}},"loc":{"start":{"line":17,"column":27},"end":{"line":27,"column":5}},"line":17},"2":{"name":"(anonymous_2)","decl":{"start":{"line":29,"column":4},"end":{"line":29,"column":5}},"loc":{"start":{"line":29,"column":33},"end":{"line":38,"column":5}},"line":29}},"branchMap":{},"s":{"0":1,"1":0,"2":0,"3":0,"4":0,"5":0,"6":0,"7":0},"f":{"0":0,"1":0,"2":0},"b":{},"_coverageSchema":"1a1c01bbd47fc00a2c39e90264f33305004495a9","hash":"6817da282d4be06fe0251a23f5e5ff06b9aae44c"}
,"C:\\Users\\Cairo\\Desktop\\Estudo\\semanajsexpert-spotify-template\\server\\util.js": {"path":"C:\\Users\\Cairo\\Desktop\\Estudo\\semanajsexpert-spotify-template\\server\\util.js","statementMap":{"0":{"start":{"line":3,"column":12},"end":{"line":11,"column":2}},"1":{"start":{"line":13,"column":22},"end":{"line":13,"column":25}}},"fnMap":{},"branchMap":{},"s":{"0":1,"1":1},"f":{},"b":{},"_coverageSchema":"1a1c01bbd47fc00a2c39e90264f33305004495a9","hash":"9fed228a4155360320a6710f61c5ae652724dc5d"}
,"C:\\Users\\Cairo\\Desktop\\Estudo\\semanajsexpert-spotify-template\\tests\\unit\\_util\\testUtil.js": {"path":"C:\\Users\\Cairo\\Desktop\\Estudo\\semanajsexpert-spotify-template\\tests\\unit\\_util\\testUtil.js","statementMap":{"0":{"start":{"line":9,"column":8},"end":{"line":16,"column":10}},"1":{"start":{"line":11,"column":16},"end":{"line":13,"column":17}},"2":{"start":{"line":12,"column":20},"end":{"line":12,"column":35}},"3":{"start":{"line":14,"column":16},"end":{"line":14,"column":31}},"4":{"start":{"line":20,"column":8},"end":{"line":27,"column":10}},"5":{"start":{"line":22,"column":16},"end":{"line":22,"column":29}},"6":{"start":{"line":24,"column":16},"end":{"line":24,"column":30}},"7":{"start":{"line":30,"column":30},"end":{"line":30,"column":86}},"8":{"start":{"line":31,"column":25},"end":{"line":31,"column":65}},"9":{"start":{"line":32,"column":21},"end":{"line":42,"column":9}},"10":{"start":{"line":44,"column":8},"end":{"line":47,"column":9}},"11":{"start":{"line":45,"column":25},"end":{"line":45,"column":44}}},"fnMap":{"0":{"name":"(anonymous_0)","decl":{"start":{"line":8,"column":4},"end":{"line":8,"column":5}},"loc":{"start":{"line":8,"column":39},"end":{"line":17,"column":5}},"line":8},"1":{"name":"(anonymous_1)","decl":{"start":{"line":10,"column":12},"end":{"line":10,"column":13}},"loc":{"start":{"line":10,"column":18},"end":{"line":15,"column":13}},"line":10},"2":{"name":"(anonymous_2)","decl":{"start":{"line":19,"column":4},"end":{"line":19,"column":5}},"loc":{"start":{"line":19,"column":42},"end":{"line":28,"column":5}},"line":19},"3":{"name":"(anonymous_3)","decl":{"start":{"line":21,"column":12},"end":{"line":21,"column":13}},"loc":{"start":{"line":21,"column":33},"end":{"line":25,"column":13}},"line":21},"4":{"name":"(anonymous_4)","decl":{"start":{"line":29,"column":4},"end":{"line":29,"column":5}},"loc":{"start":{"line":29,"column":32},"end":{"line":48,"column":5}},"line":29},"5":{"name":"(anonymous_5)","decl":{"start":{"line":31,"column":58},"end":{"line":31,"column":59}},"loc":{"start":{"line":31,"column":62},"end":{"line":31,"column":64}},"line":31},"6":{"name":"(anonymous_6)","decl":{"start":{"line":45,"column":20},"end":{"line":45,"column":21}},"loc":{"start":{"line":45,"column":25},"end":{"line":45,"column":44}},"line":45}},"branchMap":{},"s":{"0":5,"1":0,"2":0,"3":0,"4":3,"5":0,"6":0,"7":3,"8":3,"9":3,"10":3,"11":3},"f":{"0":5,"1":0,"2":3,"3":0,"4":3,"5":0,"6":3},"b":{},"_coverageSchema":"1a1c01bbd47fc00a2c39e90264f33305004495a9","hash":"a26e058220fe648e1615a73a7d0252d6307083fb"}
}
