TN:
SF:server\config.js
FNF:0
FNH:0
DA:3,1
DA:4,1
DA:5,1
DA:6,1
DA:7,1
LF:5
LH:5
BRDA:11,0,0,1
BRDA:11,0,1,1
BRF:2
BRH:2
end_of_record
TN:
SF:server\controller.js
FN:4,(anonymous_0)
FN:8,(anonymous_1)
FNF:2
FNH:1
FNDA:1,(anonymous_0)
FNDA:0,(anonymous_1)
DA:5,1
DA:9,0
LF:2
LH:1
BRF:0
BRH:0
end_of_record
TN:
SF:server\routes.js
FN:17,routes
FN:66,handleError
FN:79,handler
FN:83,(anonymous_3)
FNF:4
FNH:2
FNDA:3,routes
FNDA:0,handleError
FNDA:3,handler
FNDA:0,(anonymous_3)
DA:13,1
DA:15,1
DA:18,3
DA:20,3
DA:21,1
DA:25,1
DA:28,2
DA:31,1
DA:32,1
DA:35,1
DA:38,1
DA:39,1
DA:42,0
DA:46,0
DA:47,0
DA:48,0
DA:49,0
DA:54,0
DA:57,0
DA:58,0
DA:67,0
DA:68,0
DA:69,0
DA:70,0
DA:72,0
DA:73,0
DA:74,0
DA:82,3
DA:83,0
LF:29
LH:13
BRDA:20,0,0,1
BRDA:20,0,1,2
BRDA:20,1,0,3
BRDA:20,1,1,3
BRDA:28,2,0,1
BRDA:28,2,1,1
BRDA:28,3,0,2
BRDA:28,3,1,2
BRDA:35,4,0,1
BRDA:35,4,1,0
BRDA:35,5,0,1
BRDA:35,5,1,1
BRDA:42,6,0,0
BRDA:42,6,1,0
BRDA:48,7,0,0
BRDA:48,7,1,0
BRDA:67,8,0,0
BRDA:67,8,1,0
BRF:18
BRH:11
end_of_record
TN:
SF:server\service.js
FN:13,(anonymous_0)
FN:17,(anonymous_1)
FN:29,(anonymous_2)
FNF:3
FNH:0
FNDA:0,(anonymous_0)
FNDA:0,(anonymous_1)
FNDA:0,(anonymous_2)
DA:10,1
DA:14,0
DA:19,0
DA:21,0
DA:22,0
DA:23,0
DA:33,0
DA:34,0
LF:8
LH:1
BRF:0
BRH:0
end_of_record
TN:
SF:server\util.js
FNF:0
FNH:0
DA:3,1
DA:13,1
LF:2
LH:2
BRF:0
BRH:0
end_of_record
TN:
SF:tests\unit\_util\testUtil.js
FN:8,(anonymous_0)
FN:10,(anonymous_1)
FN:19,(anonymous_2)
FN:21,(anonymous_3)
FN:29,(anonymous_4)
FN:31,(anonymous_5)
FN:45,(anonymous_6)
FNF:7
FNH:4
FNDA:5,(anonymous_0)
FNDA:0,(anonymous_1)
FNDA:3,(anonymous_2)
FNDA:0,(anonymous_3)
FNDA:3,(anonymous_4)
FNDA:0,(anonymous_5)
FNDA:3,(anonymous_6)
DA:9,5
DA:11,0
DA:12,0
DA:14,0
DA:20,3
DA:22,0
DA:24,0
DA:30,3
DA:31,3
DA:32,3
DA:44,3
DA:45,3
LF:12
LH:7
BRF:0
BRH:0
end_of_record
